<?xml version="1.0" encoding="UTF-8"?>
<testng-results skipped="0" failed="0" ignored="0" total="2" passed="2">
  <reporter-output>
  </reporter-output>
  <suite name="Default suite" duration-ms="43" started-at="2020-03-31T06:57:22 IST" finished-at="2020-03-31T06:57:22 IST">
    <groups>
    </groups>
    <test name="Default test" duration-ms="43" started-at="2020-03-31T06:57:22 IST" finished-at="2020-03-31T06:57:22 IST">
      <class name="com.learning.rough.LearnObjects">
        <test-method status="PASS" signature="displayData(java.lang.String, java.lang.String)[pri:0, instance:com.learning.rough.LearnObjects@4abdb505]" name="displayData" duration-ms="7" started-at="2020-03-31T06:57:22 IST" data-provider="getData" finished-at="2020-03-31T06:57:22 IST">
          <params>
            <param index="0">
              <value>
                <![CDATA[user1]]>
              </value>
            </param>
            <param index="1">
              <value>
                <![CDATA[pass1]]>
              </value>
            </param>
          </params>
          <reporter-output>
          </reporter-output>
        </test-method> <!-- displayData -->
        <test-method status="PASS" signature="displayData(java.lang.String, java.lang.String)[pri:0, instance:com.learning.rough.LearnObjects@4abdb505]" name="displayData" duration-ms="1" started-at="2020-03-31T06:57:22 IST" data-provider="getData" finished-at="2020-03-31T06:57:22 IST">
          <params>
            <param index="0">
              <value>
                <![CDATA[user2]]>
              </value>
            </param>
            <param index="1">
              <value>
                <![CDATA[pass2]]>
              </value>
            </param>
          </params>
          <reporter-output>
          </reporter-output>
        </test-method> <!-- displayData -->
      </class> <!-- com.learning.rough.LearnObjects -->
    </test> <!-- Default test -->
  </suite> <!-- Default suite -->
</testng-results>
